# JRE version: OpenJDK Runtime Environment (11.0.6+8) (build 11.0.6+8-b520.43)
# Java VM: OpenJDK 64-Bit Server VM (11.0.6+8-b520.43, mixed mode, sharing, tiered, compressed oops, g1 gc, windows-amd64)
Heap:
 garbage-first heap   total 210944K, used 5749K [0x0000000081c00000, 0x0000000100000000)
  region size 1024K, 6 young (6144K), 6 survivors (6144K)
 Metaspace       used 1455K, capacity 4729K, committed 4864K, reserved 1056768K
  class space    used 128K, capacity 445K, committed 512K, reserved 1048576K
GC Heap History (17 events):
Event: 0.613 GC heap before
{Heap before GC invocations=0 (full 0):
 garbage-first heap   total 131072K, used 24576K [0x0000000081c00000, 0x0000000100000000)
  region size 1024K, 24 young (24576K), 0 survivors (0K)
 Metaspace       used 1129K, capacity 4704K, committed 4864K, reserved 1056768K
  class space    used 105K, capacity 438K, committed 512K, reserved 1048576K
}
Event: 0.620 GC heap after
{Heap after GC invocations=1 (full 0):
 garbage-first heap   total 131072K, used 1863K [0x0000000081c00000, 0x0000000100000000)
  region size 1024K, 2 young (2048K), 2 survivors (2048K)
 Metaspace       used 1129K, capacity 4704K, committed 4864K, reserved 1056768K
  class space    used 105K, capacity 438K, committed 512K, reserved 1048576K
}
Event: 0.928 GC heap before
{Heap before GC invocations=1 (full 0):
 garbage-first heap   total 131072K, used 77639K [0x0000000081c00000, 0x0000000100000000)
  region size 1024K, 76 young (77824K), 2 survivors (2048K)
 Metaspace       used 1154K, capacity 4704K, committed 4864K, reserved 1056768K
  class space    used 105K, capacity 438K, committed 512K, reserved 1048576K
}
Event: 0.934 GC heap after
{Heap after GC invocations=2 (full 0):
 garbage-first heap   total 131072K, used 2662K [0x0000000081c00000, 0x0000000100000000)
  region size 1024K, 3 young (3072K), 3 survivors (3072K)
 Metaspace       used 1154K, capacity 4704K, committed 4864K, reserved 1056768K
  class space    used 105K, capacity 438K, committed 512K, reserved 1048576K
}
Event: 1.105 GC heap before
{Heap before GC invocations=2 (full 0):
 garbage-first heap   total 131072K, used 77414K [0x0000000081c00000, 0x0000000100000000)
  region size 1024K, 76 young (77824K), 3 survivors (3072K)
 Metaspace       used 1450K, capacity 4729K, committed 4864K, reserved 1056768K
  class space    used 128K, capacity 445K, committed 512K, reserved 1048576K
}
Event: 1.112 GC heap after
{Heap after GC invocations=3 (full 0):
 garbage-first heap   total 131072K, used 3500K [0x0000000081c00000, 0x0000000100000000)
  region size 1024K, 4 young (4096K), 4 survivors (4096K)
 Metaspace       used 1450K, capacity 4729K, committed 4864K, reserved 1056768K
  class space    used 128K, capacity 445K, committed 512K, reserved 1048576K
}
Event: 1.286 GC heap before
{Heap before GC invocations=3 (full 0):
 garbage-first heap   total 131072K, used 77228K [0x0000000081c00000, 0x0000000100000000)
  region size 1024K, 76 young (77824K), 4 survivors (4096K)
 Metaspace       used 1455K, capacity 4729K, committed 4864K, reserved 1056768K
  class space    used 128K, capacity 445K, committed 512K, reserved 1048576K
}
Event: 1.293 GC heap after
{Heap after GC invocations=4 (full 0):
 garbage-first heap   total 131072K, used 4290K [0x0000000081c00000, 0x0000000100000000)
  region size 1024K, 5 young (5120K), 5 survivors (5120K)
 Metaspace       used 1455K, capacity 4729K, committed 4864K, reserved 1056768K
  class space    used 128K, capacity 445K, committed 512K, reserved 1048576K
}
Event: 1.410 GC heap before
{Heap before GC invocations=4 (full 0):
 garbage-first heap   total 131072K, used 76994K [0x0000000081c00000, 0x0000000100000000)
  region size 1024K, 76 young (77824K), 5 survivors (5120K)
 Metaspace       used 1455K, capacity 4729K, committed 4864K, reserved 1056768K
  class space    used 128K, capacity 445K, committed 512K, reserved 1048576K
}
Event: 1.418 GC heap after
{Heap after GC invocations=5 (full 0):
 garbage-first heap   total 157696K, used 4558K [0x0000000081c00000, 0x0000000100000000)
  region size 1024K, 5 young (5120K), 5 survivors (5120K)
 Metaspace       used 1455K, capacity 4729K, committed 4864K, reserved 1056768K
  class space    used 128K, capacity 445K, committed 512K, reserved 1048576K
}
Event: 1.609 GC heap before
{Heap before GC invocations=5 (full 0):
 garbage-first heap   total 157696K, used 93646K [0x0000000081c00000, 0x0000000100000000)
  region size 1024K, 92 young (94208K), 5 survivors (5120K)
 Metaspace       used 1455K, capacity 4729K, committed 4864K, reserved 1056768K
  class space    used 128K, capacity 445K, committed 512K, reserved 1048576K
}
Event: 1.618 GC heap after
{Heap after GC invocations=6 (full 0):
 garbage-first heap   total 157696K, used 4858K [0x0000000081c00000, 0x0000000100000000)
  region size 1024K, 5 young (5120K), 5 survivors (5120K)
 Metaspace       used 1455K, capacity 4729K, committed 4864K, reserved 1056768K
  class space    used 128K, capacity 445K, committed 512K, reserved 1048576K
}
Event: 1.781 GC heap before
{Heap before GC invocations=6 (full 0):
 garbage-first heap   total 157696K, used 93946K [0x0000000081c00000, 0x0000000100000000)
  region size 1024K, 92 young (94208K), 5 survivors (5120K)
 Metaspace       used 1455K, capacity 4729K, committed 4864K, reserved 1056768K
  class space    used 128K, capacity 445K, committed 512K, reserved 1048576K
}
Event: 1.789 GC heap after
{Heap after GC invocations=7 (full 0):
 garbage-first heap   total 157696K, used 5120K [0x0000000081c00000, 0x0000000100000000)
  region size 1024K, 5 young (5120K), 5 survivors (5120K)
 Metaspace       used 1455K, capacity 4729K, committed 4864K, reserved 1056768K
  class space    used 128K, capacity 445K, committed 512K, reserved 1048576K
}
Event: 1.960 GC heap before
{Heap before GC invocations=7 (full 0):
 garbage-first heap   total 157696K, used 94208K [0x0000000081c00000, 0x0000000100000000)
  region size 1024K, 92 young (94208K), 5 survivors (5120K)
 Metaspace       used 1455K, capacity 4729K, committed 4864K, reserved 1056768K
  class space    used 128K, capacity 445K, committed 512K, reserved 1048576K
}
Event: 1.970 GC heap after
{Heap after GC invocations=8 (full 0):
 garbage-first heap   total 157696K, used 5712K [0x0000000081c00000, 0x0000000100000000)
  region size 1024K, 6 young (6144K), 6 survivors (6144K)
 Metaspace       used 1455K, capacity 4729K, committed 4864K, reserved 1056768K
  class space    used 128K, capacity 445K, committed 512K, reserved 1048576K
}
Event: 2.140 GC heap before
{Heap before GC invocations=8 (full 0):
 garbage-first heap   total 157696K, used 93776K [0x0000000081c00000, 0x0000000100000000)
  region size 1024K, 92 young (94208K), 6 survivors (6144K)
 Metaspace       used 1455K, capacity 4729K, committed 4864K, reserved 1056768K
  class space    used 128K, capacity 445K, committed 512K, reserved 1048576K
}

