# JRE version: OpenJDK Runtime Environment (11.0.6+8) (build 11.0.6+8-b520.43)
# Java VM: OpenJDK 64-Bit Server VM (11.0.6+8-b520.43, mixed mode, sharing, tiered, compressed oops, g1 gc, windows-amd64)
Heap:
 garbage-first heap   total 212992K, used 6057K [0x0000000081c00000, 0x0000000100000000)
  region size 1024K, 6 young (6144K), 6 survivors (6144K)
 Metaspace       used 1458K, capacity 4729K, committed 4864K, reserved 1056768K
  class space    used 128K, capacity 445K, committed 512K, reserved 1048576K
GC Heap History (17 events):
Event: 0.617 GC heap before
{Heap before GC invocations=0 (full 0):
 garbage-first heap   total 131072K, used 24576K [0x0000000081c00000, 0x0000000100000000)
  region size 1024K, 24 young (24576K), 0 survivors (0K)
 Metaspace       used 1132K, capacity 4704K, committed 4864K, reserved 1056768K
  class space    used 105K, capacity 438K, committed 512K, reserved 1048576K
}
Event: 0.626 GC heap after
{Heap after GC invocations=1 (full 0):
 garbage-first heap   total 131072K, used 1832K [0x0000000081c00000, 0x0000000100000000)
  region size 1024K, 2 young (2048K), 2 survivors (2048K)
 Metaspace       used 1132K, capacity 4704K, committed 4864K, reserved 1056768K
  class space    used 105K, capacity 438K, committed 512K, reserved 1048576K
}
Event: 0.926 GC heap before
{Heap before GC invocations=1 (full 0):
 garbage-first heap   total 131072K, used 77608K [0x0000000081c00000, 0x0000000100000000)
  region size 1024K, 76 young (77824K), 2 survivors (2048K)
 Metaspace       used 1157K, capacity 4704K, committed 4864K, reserved 1056768K
  class space    used 105K, capacity 438K, committed 512K, reserved 1048576K
}
Event: 0.933 GC heap after
{Heap after GC invocations=2 (full 0):
 garbage-first heap   total 131072K, used 2678K [0x0000000081c00000, 0x0000000100000000)
  region size 1024K, 3 young (3072K), 3 survivors (3072K)
 Metaspace       used 1157K, capacity 4704K, committed 4864K, reserved 1056768K
  class space    used 105K, capacity 438K, committed 512K, reserved 1048576K
}
Event: 1.141 GC heap before
{Heap before GC invocations=2 (full 0):
 garbage-first heap   total 131072K, used 77430K [0x0000000081c00000, 0x0000000100000000)
  region size 1024K, 76 young (77824K), 3 survivors (3072K)
 Metaspace       used 1454K, capacity 4729K, committed 4864K, reserved 1056768K
  class space    used 128K, capacity 445K, committed 512K, reserved 1048576K
}
Event: 1.148 GC heap after
{Heap after GC invocations=3 (full 0):
 garbage-first heap   total 131072K, used 3507K [0x0000000081c00000, 0x0000000100000000)
  region size 1024K, 4 young (4096K), 4 survivors (4096K)
 Metaspace       used 1454K, capacity 4729K, committed 4864K, reserved 1056768K
  class space    used 128K, capacity 445K, committed 512K, reserved 1048576K
}
Event: 1.346 GC heap before
{Heap before GC invocations=3 (full 0):
 garbage-first heap   total 131072K, used 77235K [0x0000000081c00000, 0x0000000100000000)
  region size 1024K, 76 young (77824K), 4 survivors (4096K)
 Metaspace       used 1458K, capacity 4729K, committed 4864K, reserved 1056768K
  class space    used 128K, capacity 445K, committed 512K, reserved 1048576K
}
Event: 1.353 GC heap after
{Heap after GC invocations=4 (full 0):
 garbage-first heap   total 131072K, used 4096K [0x0000000081c00000, 0x0000000100000000)
  region size 1024K, 4 young (4096K), 4 survivors (4096K)
 Metaspace       used 1458K, capacity 4729K, committed 4864K, reserved 1056768K
  class space    used 128K, capacity 445K, committed 512K, reserved 1048576K
}
Event: 1.468 GC heap before
{Heap before GC invocations=4 (full 0):
 garbage-first heap   total 131072K, used 77824K [0x0000000081c00000, 0x0000000100000000)
  region size 1024K, 76 young (77824K), 4 survivors (4096K)
 Metaspace       used 1458K, capacity 4729K, committed 4864K, reserved 1056768K
  class space    used 128K, capacity 445K, committed 512K, reserved 1048576K
}
Event: 1.478 GC heap after
{Heap after GC invocations=5 (full 0):
 garbage-first heap   total 157696K, used 4560K [0x0000000081c00000, 0x0000000100000000)
  region size 1024K, 5 young (5120K), 5 survivors (5120K)
 Metaspace       used 1458K, capacity 4729K, committed 4864K, reserved 1056768K
  class space    used 128K, capacity 445K, committed 512K, reserved 1048576K
}
Event: 1.651 GC heap before
{Heap before GC invocations=5 (full 0):
 garbage-first heap   total 157696K, used 93648K [0x0000000081c00000, 0x0000000100000000)
  region size 1024K, 92 young (94208K), 5 survivors (5120K)
 Metaspace       used 1458K, capacity 4729K, committed 4864K, reserved 1056768K
  class space    used 128K, capacity 445K, committed 512K, reserved 1048576K
}
Event: 1.659 GC heap after
{Heap after GC invocations=6 (full 0):
 garbage-first heap   total 157696K, used 5115K [0x0000000081c00000, 0x0000000100000000)
  region size 1024K, 5 young (5120K), 5 survivors (5120K)
 Metaspace       used 1458K, capacity 4729K, committed 4864K, reserved 1056768K
  class space    used 128K, capacity 445K, committed 512K, reserved 1048576K
}
Event: 1.800 GC heap before
{Heap before GC invocations=6 (full 0):
 garbage-first heap   total 157696K, used 94203K [0x0000000081c00000, 0x0000000100000000)
  region size 1024K, 92 young (94208K), 5 survivors (5120K)
 Metaspace       used 1458K, capacity 4729K, committed 4864K, reserved 1056768K
  class space    used 128K, capacity 445K, committed 512K, reserved 1048576K
}
Event: 1.808 GC heap after
{Heap after GC invocations=7 (full 0):
 garbage-first heap   total 157696K, used 5398K [0x0000000081c00000, 0x0000000100000000)
  region size 1024K, 6 young (6144K), 6 survivors (6144K)
 Metaspace       used 1458K, capacity 4729K, committed 4864K, reserved 1056768K
  class space    used 128K, capacity 445K, committed 512K, reserved 1048576K
}
Event: 1.977 GC heap before
{Heap before GC invocations=7 (full 0):
 garbage-first heap   total 157696K, used 93462K [0x0000000081c00000, 0x0000000100000000)
  region size 1024K, 92 young (94208K), 6 survivors (6144K)
 Metaspace       used 1458K, capacity 4729K, committed 4864K, reserved 1056768K
  class space    used 128K, capacity 445K, committed 512K, reserved 1048576K
}
Event: 1.986 GC heap after
{Heap after GC invocations=8 (full 0):
 garbage-first heap   total 157696K, used 5407K [0x0000000081c00000, 0x0000000100000000)
  region size 1024K, 6 young (6144K), 6 survivors (6144K)
 Metaspace       used 1458K, capacity 4729K, committed 4864K, reserved 1056768K
  class space    used 128K, capacity 445K, committed 512K, reserved 1048576K
}
Event: 2.170 GC heap before
{Heap before GC invocations=8 (full 0):
 garbage-first heap   total 157696K, used 93471K [0x0000000081c00000, 0x0000000100000000)
  region size 1024K, 92 young (94208K), 6 survivors (6144K)
 Metaspace       used 1458K, capacity 4729K, committed 4864K, reserved 1056768K
  class space    used 128K, capacity 445K, committed 512K, reserved 1048576K
}

